Start training ..

#####################################################
0) study: C:/Users/il115552/Desktop/New folder (6)/16
#####################################################
[array([[-0.03522224, -0.03953378],
       [ 0.01031321,  0.00170774],
       [-0.00321296, -0.04757455],
       ..., 
       [-0.03809064,  0.04214394],
       [-0.02520474, -0.04047557],
       [ 0.01209925, -0.0221057 ]], dtype=float32)]
------------------------------------------------------------------
[array([[-0.03596635, -0.04027788],
       [ 0.00956908,  0.00096361],
       [-0.0039571 , -0.04831868],
       ..., 
       [-0.03809064,  0.04214394],
       [-0.02594887, -0.0412197 ],
       [ 0.01135512, -0.02284983]], dtype=float32)]
------------------------------------------------------------------
[array([[-0.03654155, -0.04085308],
       [ 0.00899387,  0.00038839],
       [-0.00453229, -0.04889388],
       ..., 
       [-0.03745436,  0.04277982],
       [-0.02652386, -0.04179471],
       [ 0.0107799 , -0.02342504]], dtype=float32)]
------------------------------------------------------------------
[array([[ -3.70154232e-02,  -4.13242504e-02],
       [  8.52268655e-03,  -8.27873009e-05],
       [ -5.00539318e-03,  -4.93650436e-02],
       ..., 
       [ -3.80144939e-02,   4.32792082e-02],
       [ -2.70142928e-02,  -4.22657542e-02],
       [  1.03066750e-02,  -2.38962229e-02]], dtype=float32)]
------------------------------------------------------------------
[array([[-0.03757334, -0.04172193],
       [ 0.00812443, -0.00048104],
       [-0.00550502, -0.04976296],
       ..., 
       [-0.03856425,  0.04386701],
       [-0.02769939, -0.04266169],
       [ 0.00984662, -0.02429429]], dtype=float32)]
------------------------------------------------------------------
[array([[-0.03814628, -0.04200105],
       [ 0.00778119, -0.00082429],
       [-0.00611148, -0.05007665],
       ..., 
       [-0.03910443,  0.04439384],
       [-0.02825228, -0.04278719],
       [ 0.00919782, -0.02463081]], dtype=float32)]
------------------------------------------------------------------
[array([[-0.03764418, -0.0415172 ],
       [ 0.00748143, -0.00112404],
       [-0.00560997, -0.04963081],
       ..., 
       [-0.03860216,  0.04490491],
       [-0.02774985, -0.04228386],
       [ 0.00863122, -0.0249247 ]], dtype=float32)]
------------------------------------------------------------------
[array([[-0.03720574, -0.04108658],
       [ 0.00721717, -0.0013883 ],
       [-0.00517218, -0.04923365],
       ..., 
       [-0.03816373,  0.04535967],
       [-0.02731108, -0.04183609],
       [ 0.00813172, -0.02518378]], dtype=float32)]
------------------------------------------------------------------
[array([[-0.03681728, -0.04070418],
       [ 0.00698259, -0.00162289],
       [-0.00478429, -0.04888093],
       ..., 
       [-0.03777524,  0.04576351],
       [-0.02692226, -0.04143848],
       [ 0.0076883 , -0.02541377]], dtype=float32)]
------------------------------------------------------------------
[array([[-0.0364711 , -0.04036609],
       [ 0.00677322, -0.00183225],
       [-0.00443862, -0.04856924],
       ..., 
       [-0.037429  ,  0.0461209 ],
       [-0.02657572, -0.04108661],
       [ 0.00729256, -0.02561904]], dtype=float32)]
------------------------------------------------------------------
[array([[-0.03616105, -0.04006309],
       [ 0.00658559, -0.00201988],
       [-0.00412902, -0.04828989],
       ..., 
       [-0.03711893,  0.04644119],
       [-0.02626536, -0.04077126],
       [ 0.0069379 , -0.02580299]], dtype=float32)]
------------------------------------------------------------------
[array([[-0.03588241, -0.03979136],
       [ 0.00641689, -0.00218859],
       [-0.00385079, -0.04803943],
       ..., 
       [-0.03684028,  0.0467283 ],
       [-0.02598646, -0.04048856],
       [ 0.00661901, -0.02596839]], dtype=float32)]
------------------------------------------------------------------
[array([[-0.03563133, -0.03954639],
       [ 0.0062648 , -0.00234067],
       [-0.00360008, -0.04781364],
       ..., 
       [-0.03658923,  0.04698713],
       [-0.02573518, -0.0402337 ],
       [ 0.00633153, -0.0261175 ]], dtype=float32)]
------------------------------------------------------------------
[array([[-0.0354046 , -0.03932508],
       [ 0.0061274 , -0.00247807],
       [-0.00337372, -0.04760965],
       ..., 
       [-0.03636258,  0.04722097],
       [-0.02550832, -0.04000345],
       [ 0.00607182, -0.02625221]], dtype=float32)]
------------------------------------------------------------------
[array([[-0.03519954, -0.03912736],
       [ 0.00600306, -0.00260242],
       [-0.00316906, -0.0474288 ],
       ..., 
       [-0.03615767,  0.04742873],
       [-0.02530321, -0.03979897],
       [ 0.00583679, -0.02637412]], dtype=float32)]
------------------------------------------------------------------
[array([[-0.03501382, -0.03894896],
       [ 0.00589037, -0.0027151 ],
       [-0.00298377, -0.04726616],
       ..., 
       [-0.03597212,  0.04761597],
       [-0.02511749, -0.03961481],
       [ 0.00562379, -0.0264846 ]], dtype=float32)]
------------------------------------------------------------------
[array([[-0.03484541, -0.03879121],
       [ 0.00578813, -0.00281734],
       [-0.00281581, -0.04712529],
       ..., 
       [-0.03580387,  0.04778108],
       [-0.02494912, -0.03945323],
       [ 0.00543053, -0.02658484]], dtype=float32)]
------------------------------------------------------------------
[array([[-0.03469259, -0.03865387],
       [ 0.00569528, -0.00291019],
       [-0.00266346, -0.04700653],
       ..., 
       [-0.03565119,  0.04792566],
       [-0.02479635, -0.0393135 ],
       [ 0.00525503, -0.02667587]], dtype=float32)]
------------------------------------------------------------------
[array([[-0.03455378, -0.03854244],
       [ 0.0056109 , -0.00299458],
       [-0.00252512, -0.04691745],
       ..., 
       [-0.03551248,  0.04804761],
       [-0.02465759, -0.03920008],
       [ 0.00509552, -0.0267586 ]], dtype=float32)]
------------------------------------------------------------------
[array([[-0.03442754, -0.03845446],
       [ 0.00553416, -0.00307132],
       [-0.0023993 , -0.04685364],
       ..., 
       [-0.03538634,  0.04815152],
       [-0.02453139, -0.03910895],
       [ 0.00495047, -0.02683384]], dtype=float32)]
------------------------------------------------------------------
[array([[-0.03431266, -0.03839796],
       [ 0.00546433, -0.00314114],
       [-0.0022848 , -0.04682402],
       ..., 
       [-0.03527155,  0.04823761],
       [-0.02441655, -0.03904567],
       [ 0.00481849, -0.02690229]], dtype=float32)]
------------------------------------------------------------------
[array([[-0.034208  , -0.03837775],
       [ 0.00540078, -0.00320469],
       [-0.00218047, -0.04683249],
       ..., 
       [-0.03516705,  0.04830902],
       [-0.02431195, -0.03901384],
       [ 0.00469835, -0.0269646 ]], dtype=float32)]
------------------------------------------------------------------
[array([[-0.03411242, -0.03839014],
       [ 0.00534291, -0.00326256],
       [-0.00208517, -0.04687261],
       ..., 
       [-0.03507188,  0.04837075],
       [-0.02421646, -0.03901086],
       [ 0.00458897, -0.02702134]], dtype=float32)]
------------------------------------------------------------------
[array([[-0.03402504, -0.03841686],
       [ 0.00529021, -0.00331526],
       [-0.00199806, -0.04692439],
       ..., 
       [-0.03498519,  0.04842691],
       [-0.02412922, -0.03902198],
       [ 0.00448935, -0.02707301]], dtype=float32)]
------------------------------------------------------------------
[array([[-0.03394486, -0.03846502],
       [ 0.0052422 , -0.00336327],
       [-0.00191813, -0.04699403],
       ..., 
       [-0.03490623,  0.04847807],
       [-0.02404916, -0.03905546],
       [ 0.00439861, -0.02712007]], dtype=float32)]
------------------------------------------------------------------
[array([[-0.03387106, -0.03852892],
       [ 0.00519847, -0.003407  ],
       [-0.00184457, -0.04707691],
       ..., 
       [-0.0348343 ,  0.04852468],
       [-0.02397536, -0.03910899],
       [ 0.00431595, -0.02716295]], dtype=float32)]
------------------------------------------------------------------
[array([[-0.03380351, -0.03858395],
       [ 0.00515862, -0.00344685],
       [-0.00177719, -0.0471487 ],
       ..., 
       [-0.03476877,  0.04856714],
       [-0.02390767, -0.03915292],
       [ 0.00424063, -0.02720202]], dtype=float32)]
------------------------------------------------------------------
[array([[-0.03374177, -0.03863228],
       [ 0.00512232, -0.00348315],
       [-0.00171543, -0.04721086],
       ..., 
       [-0.03470905,  0.04860583],
       [-0.02384551, -0.03918862],
       [ 0.00417201, -0.02723761]], dtype=float32)]
------------------------------------------------------------------
[array([[-0.03368544, -0.03867595],
       [ 0.00508924, -0.00351623],
       [-0.00165862, -0.04726487],
       ..., 
       [-0.03465465,  0.04864109],
       [-0.02378814, -0.03921749],
       [ 0.00410949, -0.02727004]], dtype=float32)]
------------------------------------------------------------------
[array([[-0.03363412, -0.03871573],
       [ 0.00505911, -0.00354637],
       [-0.00160644, -0.04730446],
       ..., 
       [-0.03460508,  0.04867321],
       [-0.02373528, -0.03923003],
       [ 0.00405252, -0.02729959]], dtype=float32)]
------------------------------------------------------------------
[array([[-0.03358736, -0.03875198],
       [ 0.00503165, -0.00357382],
       [-0.00155869, -0.0473326 ],
       ..., 
       [-0.03455992,  0.04870247],
       [-0.02368684, -0.03923104],
       [ 0.00400062, -0.02732651]], dtype=float32)]
------------------------------------------------------------------
[array([[-0.03354476, -0.038785  ],
       [ 0.00500664, -0.00359884],
       [-0.00151505, -0.04734166],
       ..., 
       [-0.03451878,  0.04872913],
       [-0.02364258, -0.03921484],
       [ 0.00395334, -0.02735103]], dtype=float32)]
------------------------------------------------------------------
[array([[-0.03350595, -0.03881508],
       [ 0.00498385, -0.00362162],
       [-0.00147527, -0.0473446 ],
       ..., 
       [-0.0344813 ,  0.04875341],
       [-0.02360227, -0.03920009],
       [ 0.00391027, -0.02737337]], dtype=float32)]
------------------------------------------------------------------
[array([[-0.0334706 , -0.03884248],
       [ 0.00496309, -0.00364238],
       [-0.00143903, -0.04734694],
       ..., 
       [-0.03444716,  0.04877553],
       [-0.02356554, -0.03918665],
       [ 0.00387104, -0.02739372]], dtype=float32)]
------------------------------------------------------------------
[array([[-0.03343841, -0.03886744],
       [ 0.00494419, -0.00366128],
       [-0.00140603, -0.04734907],
       ..., 
       [-0.03441607,  0.04879568],
       [-0.02353209, -0.03917441],
       [ 0.00383531, -0.02741225]], dtype=float32)]
------------------------------------------------------------------
[array([[-0.0334091 , -0.03889016],
       [ 0.00492698, -0.0036785 ],
       [-0.00137597, -0.047351  ],
       ..., 
       [-0.03438776,  0.04881402],
       [-0.02350163, -0.03916326],
       [ 0.00380277, -0.02742913]], dtype=float32)]
------------------------------------------------------------------
[array([[-0.0333824 , -0.03891085],
       [ 0.0049113 , -0.00369417],
       [-0.00134861, -0.04735277],
       ..., 
       [-0.03436198,  0.04883073],
       [-0.0234739 , -0.03915311],
       [ 0.00377314, -0.0274445 ]], dtype=float32)]
------------------------------------------------------------------
[array([[-0.0333581 , -0.03892969],
       [ 0.00489703, -0.00370844],
       [-0.0013237 , -0.04735437],
       ..., 
       [-0.03433851,  0.04884594],
       [-0.02344865, -0.03914388],
       [ 0.00374617, -0.02745849]], dtype=float32)]
------------------------------------------------------------------
[array([[-0.03333597, -0.03894684],
       [ 0.00488404, -0.00372143],
       [-0.00130102, -0.04735584],
       ..., 
       [-0.03431714,  0.04885978],
       [-0.02342566, -0.03913546],
       [ 0.00372161, -0.02747122]], dtype=float32)]
------------------------------------------------------------------
[array([[-0.03331584, -0.03896245],
       [ 0.00487222, -0.00373325],
       [-0.00128037, -0.04735717],
       ..., 
       [-0.0342977 ,  0.04887238],
       [-0.02340474, -0.03912781],
       [ 0.00369926, -0.02748282]], dtype=float32)]
------------------------------------------------------------------
[array([[-0.03329751, -0.03897665],
       [ 0.00486146, -0.00374401],
       [-0.00126159, -0.04735838],
       ..., 
       [-0.03428   ,  0.04888384],
       [-0.02338571, -0.03912084],
       [ 0.00367893, -0.02749337]], dtype=float32)]
------------------------------------------------------------------
[array([[-0.03328084, -0.03898957],
       [ 0.00485167, -0.00375381],
       [-0.00124449, -0.04735948],
       ..., 
       [-0.03426389,  0.04889428],
       [-0.02336838, -0.0391145 ],
       [ 0.00366042, -0.02750296]], dtype=float32)]
------------------------------------------------------------------
[array([[-0.03326567, -0.03900133],
       [ 0.00484276, -0.00376271],
       [-0.00122894, -0.04736048],
       ..., 
       [-0.03424924,  0.04890377],
       [-0.02335262, -0.03910873],
       [ 0.00364358, -0.0275117 ]], dtype=float32)]
------------------------------------------------------------------
